11:31:29:796 (00002836) > [Startup] Marvel's Spider-Man: Miles Morales
11:31:29:796 (00002836) > [Startup] ==============
11:31:29:796 (00002836) > [Startup] 
11:31:29:796 (00002836) > [Startup] Build: v1.1116.0.0
11:31:29:796 (00002836) > [Startup] Windows 11.0 (build 22000)
11:31:29:796 (00002836) > [Startup] Distribution platform: Steam
11:31:29:796 (00002836) > [Startup] Game directory: C:\Users\<username>\OneDrive\Documents\Marvel's Spider-Man Miles Morales\
11:31:29:796 (00002836) > [Startup] Working directory: A:\Marvels SpiderMan Miles Morales
11:31:29:796 (00002836) > [Startup] Run ID: 9360-065E-0134-01CF
11:31:29:796 (00002836) > [Startup] 
11:31:29:796 (00002836) > [Startup] Memory statistics:
11:31:29:796 (00002836) > [Startup]   Total RAM = 15.3 GB (15717 MB)
11:31:29:796 (00002836) > [Startup]   Avail RAM = 10.7 GB (10927 MB)
11:31:29:796 (00002836) > [Startup]   Total virtual memory = 131072.0 GB (134217727 MB)
11:31:29:796 (00002836) > [Startup]   Avail virtual memory = 131062.5 GB (134208030 MB)
11:31:29:796 (00002836) > [Startup]   Total page file = 18.2 GB (18661 MB)
11:31:29:796 (00002836) > [Startup]   Avail page file = 9.8 GB (10016 MB)
11:31:29:796 (00002836) > [Startup] 
11:31:29:796 (00002836) > [NxApp] PreInit
11:31:29:796 (00002836) > [SwapChain] Initializing...
11:31:29:796 (00002836) > [DXGI] Initializing...
11:31:29:923 (00002836) > [NxApp] No DLSSG support - streamline disabled
11:31:29:923 (00002836) > [NxApp] Streamline could not be initialized.
11:31:29:923 (00002836) > [DXGI] Successfully initialized.
11:31:29:923 (00002836) > [Render] Enumerating adapters:
11:31:29:924 (00002836) > [Render] 	Adapter 0:
11:31:29:924 (00002836) > [Monitor] 		Description             : AMD Radeon(TM) Graphics
11:31:29:924 (00002836) > [Monitor] 		Vendor                  : AMD (1002)
11:31:29:924 (00002836) > [Monitor] 		Device                  : 164c
11:31:29:924 (00002836) > [Monitor] 		Sub system              : 380617aa
11:31:29:924 (00002836) > [Monitor] 		Revision                : 194
11:31:29:924 (00002836) > [Monitor] 		Dedicated Video Memory  : 0495 MB
11:31:29:924 (00002836) > [Monitor] 		Dedicated System Memory : 0000 MB
11:31:29:924 (00002836) > [Monitor] 		Shared System Memory    : 7858 MB
11:31:29:924 (00002836) > [Monitor] 
11:31:29:924 (00002836) > [Render] Loading ADL...
11:31:29:941 (00002836) > [Render] AGS init succeeded
11:31:29:941 (00002836) > [Render] AGS Radeon Software Version: 
11:31:29:941 (00002836) > [Render] Done loading ADL and AGS
11:31:29:941 (00002836) > [Render] 	Adapter 1:
11:31:29:941 (00002836) > [Monitor] 		Description             : Microsoft Basic Render Driver
11:31:29:941 (00002836) > [Monitor] 		Vendor                  : Unknown (1414)
11:31:29:941 (00002836) > [Monitor] 		Device                  : 8c
11:31:29:941 (00002836) > [Monitor] 		Sub system              : 0
11:31:29:941 (00002836) > [Monitor] 		Revision                : 0
11:31:29:941 (00002836) > [Monitor] 		Dedicated Video Memory  : 0000 MB
11:31:29:941 (00002836) > [Monitor] 		Dedicated System Memory : 0000 MB
11:31:29:941 (00002836) > [Monitor] 		Shared System Memory    : 7858 MB
11:31:29:941 (00002836) > [Monitor] 
11:31:29:941 (00002836) > [Render] Enumerating monitors:
11:31:29:941 (00002836) > [Render] 	Monitor 0: handle = 0000000000010001, aspect = 1.60, rounded aspect = 1.60
11:31:29:941 (00002836) > [Render] 
11:31:29:942 (00002836) > [Render] 	Monitor handle = 0000000000010001, pixel aspect ratio = 1.00
11:31:29:942 (00002836) > [SwapChain] Successfully initialized.
11:31:29:942 (00002836) > [Render] Enumerating Display Modes:
11:31:29:942 (00002836) > [Render] Querying ADL for Eyefinity modes
11:31:29:942 (00002836) > [Render] 	Monitor '1 (AMD Radeon(TM) Graphics(1))' (0000000000010001):
11:31:29:942 (00002836) > [Render] 		- Mode  0 :  800 x  600 @  60 Hz, stereo = 0, hdr = 0
11:31:29:942 (00002836) > [Render] 		- Mode  1 :  800 x  600 @  60 Hz, stereo = 0, hdr = 0
11:31:29:942 (00002836) > [Render] 		- Mode  2 : 1024 x  768 @  60 Hz, stereo = 0, hdr = 0
11:31:29:942 (00002836) > [Render] 		- Mode  3 : 1024 x  768 @  60 Hz, stereo = 0, hdr = 0
11:31:29:942 (00002836) > [Render] 		- Mode  4 : 1280 x  720 @  60 Hz, stereo = 0, hdr = 0
11:31:29:942 (00002836) > [Render] 		- Mode  5 : 1280 x  720 @  60 Hz, stereo = 0, hdr = 0
11:31:29:942 (00002836) > [Render] 		- Mode  6 : 1280 x  800 @  60 Hz, stereo = 0, hdr = 0
11:31:29:942 (00002836) > [Render] 		- Mode  7 : 1280 x  800 @  60 Hz, stereo = 0, hdr = 0
11:31:29:942 (00002836) > [Render] 		- Mode  8 : 1280 x 1024 @  60 Hz, stereo = 0, hdr = 0
11:31:29:942 (00002836) > [Render] 		- Mode  9 : 1280 x 1024 @  60 Hz, stereo = 0, hdr = 0
11:31:29:942 (00002836) > [Render] 		- Mode 10 : 1600 x 1200 @  60 Hz, stereo = 0, hdr = 0
11:31:29:942 (00002836) > [Render] 		- Mode 11 : 1600 x 1200 @  60 Hz, stereo = 0, hdr = 0
11:31:29:942 (00002836) > [Render] 		- Mode 12 : 1680 x 1050 @  60 Hz, stereo = 0, hdr = 0
11:31:29:942 (00002836) > [Render] 		- Mode 13 : 1680 x 1050 @  60 Hz, stereo = 0, hdr = 0
11:31:29:942 (00002836) > [Render] 		- Mode 14 : 1920 x 1080 @  60 Hz, stereo = 0, hdr = 0
11:31:29:942 (00002836) > [Render] 		- Mode 15 : 1920 x 1080 @  60 Hz, stereo = 0, hdr = 0
11:31:29:942 (00002836) > [Render] 		- Mode 16 : 1920 x 1200 @  60 Hz, stereo = 0, hdr = 0
11:31:29:942 (00002836) > [Render] ***** Additional Monitor Output Info *****
11:31:29:942 (00002836) > [Render] 		BitsPerColor: 8
11:31:29:942 (00002836) > [Render] 		Primaries: R=0.6396;0.3301  G=0.2998;0.5996  B=0.1494;0.0596  White-Point=0.3125;0.3291
11:31:29:942 (00002836) > [Render] 		HDR: No (Color Space: DXGI_COLOR_SPACE_RGB_FULL_G22_NONE_P709)
11:31:29:942 (00002836) > [Render] 		Luminance: Min=0.5000 Max=270.0000 MaxFullFrame=270.0000
11:31:29:942 (00002836) > [Render] ******************************************
11:31:29:942 (00002836) > [Render] 
11:31:30:008 (00002836) > [NxApp] RAY TRACING DISABLED: No Ray Tracing support detected
11:31:30:023 (00002836) > [D3D] Max supported feature level: 11.0
11:31:30:023 (00002836) > [Render] Disabled D3D12 experimentals
11:31:30:076 (00002836) > [Render] VMEM Budget: 7681 MB
11:31:30:076 (00002836) > [Render] VMEM Avaialbe: 7668 MB
11:31:30:076 (00002836) > [Render] GPU node count: 1
11:31:30:081 (00002836) > [NxApp] PreInit successful.
11:31:30:109 (00002836) > [NxUpscaler] XeSS init, code = 0
11:31:30:111 (00002836) > [NxApp] Querying GPU Driver Info...
11:31:30:111 (00002836) > [NxApp] Enumerating available display adapters:
11:31:30:123 (00002836) > [NxApp] 		AMD Radeon(TM) Graphics (active)
11:31:30:123 (00002836) > [NxApp] Successfully found GPU Driver Info
11:31:52:359 (00002836) > [NxApp] Old Driver detected. Driver version: 
11:31:53:732 (00002836) > [Reflex] Not supported.
11:31:53:732 (00002836) > [NxApp] Querying GPU Driver Info...
11:31:53:732 (00002836) > [NxApp] Enumerating available display adapters:
11:31:53:741 (00002836) > [NxApp] 		AMD Radeon(TM) Graphics (active)
11:31:53:741 (00002836) > [NxApp] Successfully found GPU Driver Info
11:31:53:741 (00002836) > [NxApp] Driver Desc: AMD Radeon(TM) Graphics
11:31:53:741 (00002836) > [NxApp] Driver Version: 
11:31:53:741 (00002836) > [**************************************************Display + Graphics Settings**************************************************] 
11:31:53:741 (00002836) > [Settings] DirectX Version: 12
11:31:53:741 (00002836) > [Settings] Window mode: Fullscreen
11:31:53:741 (00002836) > [Settings] Fullscreen display mode:
11:31:53:741 (00002836) > [Settings] 	Displaying on monitor: 0
11:31:53:741 (00002836) > [Settings] 	Resolution: 1600x1200
11:31:53:741 (00002836) > [Settings] 	HDR: Off
11:31:53:741 (00002836) > [Settings] 	OS reported Refresh rate: 60
11:31:53:741 (00002836) > [Settings] 	VSync: Off
11:31:53:741 (00002836) > [Settings] 	Reflex: Off
11:31:53:741 (00002836) > [Settings] 	DLSSG: False
11:31:53:741 (00002836) > [Settings] 	Resolution modifier 1.000000
11:31:53:741 (00002836) > [Settings] 	Dynamic resolution FPS target: 30
11:31:53:741 (00002836) > [Settings] Anti aliasing: Off

11:31:53:741 (00002836) > [Settings] Upscale method: None

11:31:53:741 (00002836) > [Settings] Upscale quality: Quality

11:31:53:741 (00002836) > [Settings] Upscale sharpen value: 0.000000

11:31:53:741 (00002836) > [Settings] Graphics Options:
11:31:53:741 (00002836) > [Settings] 	RT Reflections: Off
11:31:53:741 (00002836) > [Settings] 	RT Shadows: Off
11:31:53:741 (00002836) > [Settings] 	Texture Quality: High
11:31:53:741 (00002836) > [Settings] 	Texture Filtering: Anisotropic4x
11:31:53:741 (00002836) > [Settings] 	Shadow Quality: High
11:31:53:741 (00002836) > [Settings] 	Depth of Field: High
11:31:53:741 (00002836) > [Settings] 	Level of Detail: High
11:31:53:741 (00002836) > [Settings] 	Vehicle Detail: High
11:31:53:741 (00002836) > [Settings] 	Crowd Detail: High
11:31:53:741 (00002836) > [Settings] 	Hair Quality: High
11:31:53:741 (00002836) > [Settings] 	Ambient Occlusion: SSAO
11:31:53:741 (00002836) > [Settings] 	Screen Space Reflections: Normal
11:31:53:741 (00002836) > [Settings] 	Particle Lighting: High

11:31:53:741 (00002836) > [Settings] 	Bloom: On
11:31:53:741 (00002836) > [Settings] 	Vignette: On
11:31:53:741 (00002836) > [Settings] 	Chromatic Aberration: On
11:31:53:741 (00002836) > [Settings] 	Motion Blur: 1.000000
11:31:53:741 (00002836) > [Settings] 	FOV Correction: 1.000000
11:31:53:741 (00002836) > [Settings] 	Film Grain Strength: 1.000000
11:31:53:741 (00002836) > [Settings] 	Sharpness: 1.000000
11:31:53:741 (00002836) > [Settings] 	Lens Flares: On
11:31:53:741 (00002836) > [Settings] 	Screen Effects: On
11:31:53:741 (00002836) > [**************************************************Display + Graphics Settings**************************************************] 
11:31:53:741 (00002836) > [NxApp] Creating window...
11:31:53:743 (00010532) > [GameWindow] UpdateState bVisible true
11:31:53:757 (00010532) > [Input] Keyboard language: "English (United States)" (id: 1033)
11:31:53:758 (00010532) > [Input] Keyboard physical layout: "US" (id: 00000409)
11:31:53:758 (00010532) > [Input] Human Input Device  "HID-compliant touch screen"   product 21190 vendor 1386 version 3 usage 4 usagePage 13
11:31:53:758 (00010532) > [Input] Human Input Device  "HID-compliant pen"   product 21190 vendor 1386 version 3 usage 2 usagePage 13
11:31:53:758 (00010532) > [Input] Human Input Device  "HID-compliant vendor-defined device"   product 52856 vendor 1739 version 769 usage 1 usagePage 65280
11:31:53:758 (00010532) > [Input] Human Input Device  "Microsoft Input Configuration Device"   product 0 vendor 0 version 0 usage 0 usagePage 0
11:31:53:758 (00010532) > [Input] Human Input Device  "HID-compliant touch pad"   product 52856 vendor 1739 version 769 usage 5 usagePage 13
11:31:53:758 (00010532) > [Input] Human Input Device  "HID-compliant vendor-defined device"   product 21190 vendor 1386 version 3 usage 17 usagePage 65297
11:31:53:758 (00010532) > [Input] Human Input Device  "HID-compliant device"   product 21190 vendor 1386 version 3 usage 2 usagePage 255
11:31:53:758 (00010532) > [Input] Human Input Device  "HID-compliant vendor-defined device"   product 21190 vendor 1386 version 3 usage 2 usagePage 65297
11:31:53:758 (00010532) > [Input] Human Input Device  "Microsoft Input Configuration Device"   product 0 vendor 0 version 0 usage 0 usagePage 0
11:31:53:758 (00010532) > [Input] Human Input Device  "HID-compliant digitizer"   product 21190 vendor 1386 version 3 usage 1 usagePage 13
11:31:53:758 (00010532) > [Input] Mouse               "HID-compliant mouse"   id 128 buttons 2 sampleRate 0 horizontalWheel no
11:31:53:758 (00010532) > [Input] Mouse               "HID-compliant mouse"   id 128 buttons 5 sampleRate 0 horizontalWheel no
11:31:53:758 (00010532) > [Input] Keyboard            "Standard PS/2 Keyboard"   type 4 subType 0 mode 1 function 12 indicators 3 total 101
11:31:53:769 (00010532) > [Input] Using LibScePad
11:31:53:771 (00010532) > [XInput] Enumerating available xusb hid devices:

11:31:53:775 (00002836) > [NxApp] Window created.
11:31:53:775 (00002836) > [NxApp] Initializing swapchain...
11:31:53:775 (00003972) > [SwapChain] Creating...
11:31:53:775 (00003972) > [NxSwapChainImpl] Swapchain native backbuffer (windows) resolution: 1920x1200
11:31:53:795 (00003972) > [DXGI] Created swapchain.
11:31:53:811 (00003972) > [SwapChain] Gamma correction is enabled.
11:31:53:811 (00003972) > [SwapChain] Successfully created.
11:31:53:811 (00003972) > [NxSwapChainImpl] Swapchain native backbuffer (windows) resolution: 1920x1200
11:31:53:811 (00002836) > [NxApp] Swapchain initialized
11:31:53:811 (00002836) > [NxApp] Initializing renderer...
11:31:53:811 (00002836) > [NxApp] Renderer initialized
11:31:53:811 (00002836) > [NxProcessorInfo] Processor info:
11:31:53:811 (00002836) > [NxProcessorInfo] 	Physical Core Count:     	6
11:31:53:811 (00002836) > [NxProcessorInfo] 	Logical  Core Count:     	12
11:31:53:811 (00002836) > [NxProcessorInfo] 	Distinct L3 Cache Count: 	2
11:31:53:811 (00002836) > [NxProcessorInfo] Custom affinity 0 selected.
11:31:53:811 (00002836) > [NxProcessorInfo] AMD Threading Logic
11:31:53:813 (00002836) > [Render] No support for DXR 1.1, raytracing will be disabled!
11:31:53:956 (00002836) > [Render] File cache.pso contains 9564 pipelines and 0 duplicates
11:31:53:957 (00002836) > [Render] File C:\Users\<username>\AppData\Roaming\Insomniac Games\Marvel's Spider-Man Miles Morales\\cache.pso is missing, no pipelines read.
11:31:53:957 (00002836) > [Render] Support for Shader Model 6.6: Yes
11:31:53:957 (00002836) > [Render] Is UMA: Yes Is Cache Coherent: No
11:31:53:957 (00002836) > [Render] Using Cpu Buffer Optimize: No
11:31:54:864 (00002836) > [Render] Aliased resource does not fit in the original heap (required 589824B, actual 262144B). Recreating heap and aliases.
11:31:57:192 (00006068) > [PSN] [AuthenticationRequest] 5 error 12007
11:32:01:834 (00010588) > [Audio] Device (re)initialized 0x0 'Speakers (Realtek(R) Audio)'
11:32:08:665 (00014436) > [Save] Request type 3 failed with code 0x00000002
11:32:08:678 (00014436) > [Save] Request type 3 failed with code 0x00000002
11:32:08:692 (00002836) > [Save] Request load save type 0, control 128, target -1
11:32:08:717 (00002836) > [Save] Request load save type 0, control 128, target -1
11:32:08:724 (00014436) > [Save] Request type 3 failed with code 0x00000002
11:32:08:741 (00002836) > [Save] Request load save type 0, control 128, target -1
11:32:08:749 (00014436) > [Save] Request type 3 failed with code 0x00000002
11:32:08:766 (00002836) > [Save] Request load save type 0, control 128, target -1
11:32:08:773 (00014436) > [Save] Request type 3 failed with code 0x00000002
11:32:08:792 (00002836) > [Save] Request load save type 0, control 128, target -1
11:32:08:804 (00014436) > [Save] Request type 3 failed with code 0x00000002
11:32:10:881 (00002836) > [Save] Request load save type 0, control 128, target -1
11:32:10:905 (00014436) > [Save] Request type 3 failed with code 0x00000002
11:32:13:191 (00006036) > [PSN] [AuthenticationRequest] 5 error 12007
11:32:29:192 (00006036) > [PSN] [AuthenticationRequest] 5 error 12007
11:32:45:192 (00006036) > [PSN] [AuthenticationRequest] 5 error 12007
11:32:57:222 (00005068) > [Render] Working set: 8365MB Page file: 11798MB Video Budget: 7681MB Video Usage: 5086MB Sys Budget: 0MB Sys Usage: 0MB Tex Usage: 1395MB Tex Budget: 3000MB BVH heaps: 0MB BVH size: 0MB Demoted: 0MB fps: 50.450001
11:33:01:192 (00006068) > [PSN] [AuthenticationRequest] 5 error 12007
11:33:17:191 (00006036) > [PSN] [AuthenticationRequest] 5 error 12007
11:33:18:894 (00002836) > [Save] Request load save type 0, control 128, target -1
11:33:33:194 (00006036) > [PSN] [AuthenticationRequest] 5 error 12007
11:33:49:191 (00006036) > [PSN] [AuthenticationRequest] 5 error 12007
11:33:51:758 (00002836) > [Save] Request save type 2, control 0
11:33:52:330 (00002836) > [Save] Request save type 0, control 0
11:33:52:467 (00002836) > [Save] Request save type 0, control 0
11:33:57:235 (00005068) > [Render] Working set: 9341MB Page file: 12510MB Video Budget: 7681MB Video Usage: 5714MB Sys Budget: 0MB Sys Usage: 0MB Tex Usage: 1837MB Tex Budget: 3000MB BVH heaps: 0MB BVH size: 0MB Demoted: 0MB fps: 11.450001
11:34:44:037 (00003972) > [NxSwapChainImpl] Swapchain native backbuffer (windows) resolution: 1920x1200
11:34:44:076 (00003972) > [DXGI] Resized swapchain.
11:34:44:103 (00007092) > [Settings] New display settings are:
11:34:44:103 (00007092) > [**************************************************Display + Graphics Settings**************************************************] 
11:34:44:103 (00007092) > [Settings] DirectX Version: 12
11:34:44:103 (00007092) > [Settings] Window mode: Fullscreen
11:34:44:103 (00007092) > [Settings] Fullscreen display mode:
11:34:44:103 (00007092) > [Settings] 	Displaying on monitor: 0
11:34:44:103 (00007092) > [Settings] 	Resolution: 1280x800
11:34:44:103 (00007092) > [Settings] 	HDR: Off
11:34:44:103 (00007092) > [Settings] 	OS reported Refresh rate: 60
11:34:44:103 (00007092) > [Settings] 	VSync: Off
11:34:44:103 (00007092) > [Settings] 	Reflex: Off
11:34:44:103 (00007092) > [Settings] 	DLSSG: False
11:34:44:103 (00007092) > [Settings] 	Resolution modifier 1.000000
11:34:44:103 (00007092) > [Settings] 	Dynamic resolution FPS target: 30
11:34:44:103 (00007092) > [Settings] Anti aliasing: Off

11:34:44:103 (00007092) > [Settings] Upscale method: None

11:34:44:103 (00007092) > [Settings] Upscale quality: Quality

11:34:44:103 (00007092) > [Settings] Upscale sharpen value: 0.000000

11:34:44:103 (00007092) > [Settings] Graphics Options:
11:34:44:103 (00007092) > [Settings] 	RT Reflections: Off
11:34:44:103 (00007092) > [Settings] 	RT Shadows: Off
11:34:44:103 (00007092) > [Settings] 	Texture Quality: High
11:34:44:103 (00007092) > [Settings] 	Texture Filtering: Anisotropic4x
11:34:44:103 (00007092) > [Settings] 	Shadow Quality: High
11:34:44:103 (00007092) > [Settings] 	Depth of Field: High
11:34:44:103 (00007092) > [Settings] 	Level of Detail: High
11:34:44:103 (00007092) > [Settings] 	Vehicle Detail: High
11:34:44:103 (00007092) > [Settings] 	Crowd Detail: High
11:34:44:103 (00007092) > [Settings] 	Hair Quality: High
11:34:44:103 (00007092) > [Settings] 	Ambient Occlusion: SSAO
11:34:44:103 (00007092) > [Settings] 	Screen Space Reflections: Normal
11:34:44:103 (00007092) > [Settings] 	Particle Lighting: High

11:34:44:103 (00007092) > [Settings] 	Bloom: On
11:34:44:103 (00007092) > [Settings] 	Vignette: On
11:34:44:103 (00007092) > [Settings] 	Chromatic Aberration: On
11:34:44:103 (00007092) > [Settings] 	Motion Blur: 1.000000
11:34:44:103 (00007092) > [Settings] 	FOV Correction: 1.000000
11:34:44:103 (00007092) > [Settings] 	Film Grain Strength: 1.000000
11:34:44:103 (00007092) > [Settings] 	Sharpness: 1.000000
11:34:44:103 (00007092) > [Settings] 	Lens Flares: On
11:34:44:103 (00007092) > [Settings] 	Screen Effects: On
11:34:44:103 (00007092) > [**************************************************Display + Graphics Settings**************************************************] 
11:34:44:103 (00007092) > [Settings] End of settings.
11:34:44:103 (00007092) > [NxApp (Render Thread)] Finished enforcing display settings
11:34:44:107 (00002836) > [NxApp] Finished enforcing display settings
11:34:44:289 (00002836) > [Render] Aliased resource does not fit in the original heap (required 589824B, actual 196608B). Recreating heap and aliases.
11:34:54:114 (00003972) > [NxSwapChainImpl] Exclusive fullscreen change caused swapchain resize: non to exclusive
11:34:54:114 (00003972) > [NxSwapChainImpl] Swapchain native backbuffer (windows) resolution: 1280x800
11:34:54:216 (00003972) > [DXGI] Set-up  exclusive fullscreen.
11:34:54:253 (00003972) > [NxDXGI] Resizing exclusive fullscreen swapchain with refresh rate 60
11:34:54:612 (00007092) > [Settings] New display settings are:
11:34:54:612 (00007092) > [**************************************************Display + Graphics Settings**************************************************] 
11:34:54:612 (00007092) > [Settings] DirectX Version: 12
11:34:54:612 (00007092) > [Settings] Window mode: Exclusive fullscreen
11:34:54:612 (00007092) > [Settings] Fullscreen display mode:
11:34:54:612 (00007092) > [Settings] 	Displaying on monitor: 0
11:34:54:612 (00007092) > [Settings] 	Resolution: 1280x800
11:34:54:612 (00007092) > [Settings] Settings Refresh rate: 60
11:34:54:612 (00007092) > [Settings] 	HDR: Off
11:34:54:613 (00007092) > [Settings] 	OS reported Refresh rate: 60
11:34:54:613 (00007092) > [Settings] 	VSync: Off
11:34:54:613 (00007092) > [Settings] 	Reflex: Off
11:34:54:613 (00007092) > [Settings] 	DLSSG: False
11:34:54:613 (00007092) > [Settings] 	Resolution modifier 1.000000
11:34:54:613 (00007092) > [Settings] 	Dynamic resolution FPS target: 30
11:34:54:613 (00007092) > [Settings] Anti aliasing: Off

11:34:54:613 (00007092) > [Settings] Upscale method: None

11:34:54:613 (00007092) > [Settings] Upscale quality: Quality

11:34:54:613 (00007092) > [Settings] Upscale sharpen value: 0.000000

11:34:54:613 (00007092) > [Settings] Graphics Options:
11:34:54:613 (00007092) > [Settings] 	RT Reflections: Off
11:34:54:613 (00007092) > [Settings] 	RT Shadows: Off
11:34:54:613 (00007092) > [Settings] 	Texture Quality: High
11:34:54:613 (00007092) > [Settings] 	Texture Filtering: Anisotropic4x
11:34:54:613 (00007092) > [Settings] 	Shadow Quality: High
11:34:54:613 (00007092) > [Settings] 	Depth of Field: High
11:34:54:613 (00007092) > [Settings] 	Level of Detail: High
11:34:54:613 (00007092) > [Settings] 	Vehicle Detail: High
11:34:54:613 (00007092) > [Settings] 	Crowd Detail: High
11:34:54:613 (00007092) > [Settings] 	Hair Quality: High
11:34:54:613 (00007092) > [Settings] 	Ambient Occlusion: SSAO
11:34:54:613 (00007092) > [Settings] 	Screen Space Reflections: Normal
11:34:54:613 (00007092) > [Settings] 	Particle Lighting: High

11:34:54:613 (00007092) > [Settings] 	Bloom: On
11:34:54:613 (00007092) > [Settings] 	Vignette: On
11:34:54:613 (00007092) > [Settings] 	Chromatic Aberration: On
11:34:54:613 (00007092) > [Settings] 	Motion Blur: 1.000000
11:34:54:613 (00007092) > [Settings] 	FOV Correction: 1.000000
11:34:54:613 (00007092) > [Settings] 	Film Grain Strength: 1.000000
11:34:54:613 (00007092) > [Settings] 	Sharpness: 1.000000
11:34:54:613 (00007092) > [Settings] 	Lens Flares: On
11:34:54:613 (00007092) > [Settings] 	Screen Effects: On
11:34:54:613 (00007092) > [**************************************************Display + Graphics Settings**************************************************] 
11:34:54:613 (00007092) > [Settings] End of settings.
11:34:54:613 (00007092) > [NxApp (Render Thread)] Finished enforcing display settings
11:34:54:613 (00002836) > [NxApp] Finished enforcing display settings
11:34:57:317 (00005068) > [Render] Working set: 9581MB Page file: 12608MB Video Budget: 7681MB Video Usage: 5877MB Sys Budget: 0MB Sys Usage: 0MB Tex Usage: 2100MB Tex Budget: 3000MB BVH heaps: 0MB BVH size: 0MB Demoted: 0MB fps: 11.333334
11:35:56:659 (00003972) > [NxSwapChainImpl] Exclusive fullscreen change caused swapchain resize: exclusive to non
11:35:56:659 (00003972) > [NxSwapChainImpl] Swapchain native backbuffer (windows) resolution: 1440x810
11:35:56:664 (00003972) > [NxDXGI] Resizing exclusive fullscreen swapchain with refresh rate 60
11:35:56:907 (00003972) > [DXGI] Set-up non exclusive fullscreen.
11:35:57:073 (00007092) > [GameWindow] UpdateState bVisible true
11:35:57:089 (00007092) > [GameWindow] Invalidating rects.
11:35:57:089 (00007092) > [Settings] New display settings are:
11:35:57:089 (00007092) > [**************************************************Display + Graphics Settings**************************************************] 
11:35:57:089 (00007092) > [Settings] DirectX Version: 12
11:35:57:089 (00007092) > [Settings] Window mode: Windowed
11:35:57:089 (00007092) > [Settings] Window settings:
11:35:57:089 (00007092) > [Settings] 	Window position: x: 240 y: 195 
11:35:57:089 (00007092) > [Settings] 	Window size: width: 1440 height: 810 
11:35:57:090 (00007092) > [Settings] 	Window maximized? No
11:35:57:090 (00007092) > [Settings] 	OS reported Refresh rate: 60
11:35:57:090 (00007092) > [Settings] 	VSync: Off
11:35:57:090 (00007092) > [Settings] 	Reflex: Off
11:35:57:090 (00007092) > [Settings] 	DLSSG: False
11:35:57:090 (00007092) > [Settings] 	Resolution modifier 1.000000
11:35:57:090 (00007092) > [Settings] 	Dynamic resolution FPS target: 30
11:35:57:090 (00007092) > [Settings] Anti aliasing: Off

11:35:57:090 (00007092) > [Settings] Upscale method: None

11:35:57:090 (00007092) > [Settings] Upscale quality: Quality

11:35:57:090 (00007092) > [Settings] Upscale sharpen value: 0.000000

11:35:57:090 (00007092) > [Settings] Graphics Options:
11:35:57:090 (00007092) > [Settings] 	RT Reflections: Off
11:35:57:090 (00007092) > [Settings] 	RT Shadows: Off
11:35:57:090 (00007092) > [Settings] 	Texture Quality: High
11:35:57:090 (00007092) > [Settings] 	Texture Filtering: Anisotropic4x
11:35:57:090 (00007092) > [Settings] 	Shadow Quality: High
11:35:57:090 (00007092) > [Settings] 	Depth of Field: High
11:35:57:090 (00007092) > [Settings] 	Level of Detail: High
11:35:57:090 (00007092) > [Settings] 	Vehicle Detail: High
11:35:57:090 (00007092) > [Settings] 	Crowd Detail: High
11:35:57:090 (00007092) > [Settings] 	Hair Quality: High
11:35:57:090 (00007092) > [Settings] 	Ambient Occlusion: SSAO
11:35:57:090 (00007092) > [Settings] 	Screen Space Reflections: Normal
11:35:57:090 (00007092) > [Settings] 	Particle Lighting: High

11:35:57:090 (00007092) > [Settings] 	Bloom: On
11:35:57:090 (00007092) > [Settings] 	Vignette: On
11:35:57:090 (00007092) > [Settings] 	Chromatic Aberration: On
11:35:57:090 (00007092) > [Settings] 	Motion Blur: 1.000000
11:35:57:090 (00007092) > [Settings] 	FOV Correction: 1.000000
11:35:57:090 (00007092) > [Settings] 	Film Grain Strength: 1.000000
11:35:57:090 (00007092) > [Settings] 	Sharpness: 1.000000
11:35:57:090 (00007092) > [Settings] 	Lens Flares: On
11:35:57:090 (00007092) > [Settings] 	Screen Effects: On
11:35:57:090 (00007092) > [**************************************************Display + Graphics Settings**************************************************] 
11:35:57:090 (00007092) > [Settings] End of settings.
11:35:57:090 (00007092) > [NxApp (Render Thread)] Finished enforcing display settings
11:35:57:091 (00002836) > [NxApp] Finished enforcing display settings
11:35:57:600 (00005068) > [Render] Working set: 9694MB Page file: 13032MB Video Budget: 7681MB Video Usage: 6298MB Sys Budget: 0MB Sys Usage: 0MB Tex Usage: 2363MB Tex Budget: 3000MB BVH heaps: 0MB BVH size: 0MB Demoted: 0MB fps: 13.200001
11:36:30:988 (00002836) > [Save] Request save type 0, control 36
11:36:34:042 (00006036) > [PSN] [AuthenticationRequest] 5 error 12007
11:36:34:042 (00006068) > [PSN] [AuthenticationRequest] 5 error 12007
11:36:38:528 (00002836) > [Save] Request load save type 0, control 128, target -1
11:36:49:269 (00002836) > [App] Quit requested from menu
11:36:50:075 (00010588) > [Audio] Device removed 0x0
11:36:52:247 (00002836) > [NxApp] Destroying
11:36:52:266 (00002836) > [DXGI] Destroyed swapchain.
11:36:52:266 (00002836) > [SwapChain] Destroyed.
11:36:52:266 (00002836) > [SwapChain] Released.
11:36:52:266 (00002836) > [Render] Unloading ADL...
11:36:52:268 (00002836) > [Render] Done unloading ADL
11:36:52:269 (00002836) > [DXGI] Destroyed swapchain.
11:36:52:269 (00002836) > [DXGI] Released.
--- NIXXES log closed ---
